2024-11-11 18:57:14,518 - werkzeug - INFO - [31m[1mWARNING: This is a development server. Do not use it in a production deployment. Use a production WSGI server instead.[0m
 * Running on all addresses (0.0.0.0)
 * Running on http://127.0.0.1:5001
 * Running on http://192.168.1.10:5001
2024-11-11 18:57:14,519 - werkzeug - INFO - [33mPress CTRL+C to quit[0m
2024-11-11 18:57:15,913 - werkzeug - INFO - 127.0.0.1 - - [11/Nov/2024 18:57:15] "[33mGET / HTTP/1.1[0m" 404 -
2024-11-11 18:57:16,821 - werkzeug - INFO - 127.0.0.1 - - [11/Nov/2024 18:57:16] "[33mGET /favicon.ico HTTP/1.1[0m" 404 -
2024-11-11 18:57:58,665 - werkzeug - INFO - 127.0.0.1 - - [11/Nov/2024 18:57:58] "GET /api/data HTTP/1.1" 200 -
2024-11-11 18:57:58,668 - werkzeug - INFO - 127.0.0.1 - - [11/Nov/2024 18:57:58] "GET /api/data HTTP/1.1" 200 -
2024-11-11 18:58:21,158 - appServerLogger - INFO - PDF processed successfully for file_id: 039a30355d15071a223890348093d5f1
2024-11-11 18:58:21,158 - appServerLogger - INFO - PDF processed successfully for file_id: 039a30355d15071a223890348093d5f1
2024-11-11 18:58:21,159 - werkzeug - INFO - 127.0.0.1 - - [11/Nov/2024 18:58:21] "POST /api/upload HTTP/1.1" 200 -
2024-11-12 15:21:52,499 - werkzeug - INFO - [31m[1mWARNING: This is a development server. Do not use it in a production deployment. Use a production WSGI server instead.[0m
 * Running on all addresses (0.0.0.0)
 * Running on http://127.0.0.1:5001
 * Running on http://10.178.5.45:5001
2024-11-12 15:21:52,499 - werkzeug - INFO - [33mPress CTRL+C to quit[0m
2024-11-12 15:21:52,749 - werkzeug - INFO - 127.0.0.1 - - [12/Nov/2024 15:21:52] "[33mGET / HTTP/1.1[0m" 404 -
2024-11-12 15:23:23,413 - werkzeug - INFO - 127.0.0.1 - - [12/Nov/2024 15:23:23] "GET /api/data HTTP/1.1" 200 -
2024-11-12 15:23:23,494 - werkzeug - INFO - 127.0.0.1 - - [12/Nov/2024 15:23:23] "GET /api/data HTTP/1.1" 200 -
2024-11-12 15:23:53,893 - appServerLogger - DEBUG - Starting transformation of JSON data to CSV
2024-11-12 15:23:53,893 - appServerLogger - DEBUG - Starting transformation of JSON data to CSV
2024-11-12 15:23:53,894 - appServerLogger - DEBUG - Keys found for CSV: dict_keys(['Q1', 'Q2', 'Q3', 'Q4', 'Q5', 'Q6', 'Q7', 'Q8', 'Q9', 'Q10', 'Q11', 'Q12', 'Q13', 'Q14', 'Q15', 'Q16', 'Q17', 'Q18', 'Q19', 'Q20', 'Q21', 'Q22', 'Q23', 'Q24', 'Q25', 'Q26', 'Q27', 'Q28', 'Q29', 'Q30', 'Q31', 'Q32', 'Q33', 'Q34', 'Q35', 'Q36', 'Q37', 'Q38', 'Q39', 'Q40', 'Q41', 'Q42', 'Q43', 'Q44', 'Q45', 'Q46', 'Q47', 'Q48', 'Q49', 'Q50'])
2024-11-12 15:23:53,894 - appServerLogger - DEBUG - Keys found for CSV: dict_keys(['Q1', 'Q2', 'Q3', 'Q4', 'Q5', 'Q6', 'Q7', 'Q8', 'Q9', 'Q10', 'Q11', 'Q12', 'Q13', 'Q14', 'Q15', 'Q16', 'Q17', 'Q18', 'Q19', 'Q20', 'Q21', 'Q22', 'Q23', 'Q24', 'Q25', 'Q26', 'Q27', 'Q28', 'Q29', 'Q30', 'Q31', 'Q32', 'Q33', 'Q34', 'Q35', 'Q36', 'Q37', 'Q38', 'Q39', 'Q40', 'Q41', 'Q42', 'Q43', 'Q44', 'Q45', 'Q46', 'Q47', 'Q48', 'Q49', 'Q50'])
2024-11-12 15:23:53,894 - appServerLogger - DEBUG - Processed student ID: XXXXXXXXXX with answers: ['A', 'B', 'C', 'D', 'C', 'B', 'A', 'E', 'A', 'C', '', '', '', '', '', '', '', '', '', '', '', '', '', '', '', '', '', '', '', '', '', '', '', '', '', '', '', '', '', '', '', '', '', '', '', '', '', '', '', '']
2024-11-12 15:23:53,894 - appServerLogger - DEBUG - Processed student ID: XXXXXXXXXX with answers: ['A', 'B', 'C', 'D', 'C', 'B', 'A', 'E', 'A', 'C', '', '', '', '', '', '', '', '', '', '', '', '', '', '', '', '', '', '', '', '', '', '', '', '', '', '', '', '', '', '', '', '', '', '', '', '', '', '', '', '']
2024-11-12 15:23:53,894 - appServerLogger - DEBUG - Processed student ID: 1234567XXX with answers: ['B', 'A', 'C', 'D', 'E', 'B', 'A', 'E', 'E', 'C', '', '', '', '', '', '', '', '', '', '', '', '', '', '', '', '', '', '', '', '', '', '', '', '', '', '', '', '', '', '', '', '', '', '', '', '', '', '', '', '']
2024-11-12 15:23:53,894 - appServerLogger - DEBUG - Processed student ID: 1234567XXX with answers: ['B', 'A', 'C', 'D', 'E', 'B', 'A', 'E', 'E', 'C', '', '', '', '', '', '', '', '', '', '', '', '', '', '', '', '', '', '', '', '', '', '', '', '', '', '', '', '', '', '', '', '', '', '', '', '', '', '', '', '']
2024-11-12 15:23:53,894 - appServerLogger - DEBUG - Processed student ID: 000987XXXX with answers: ['B', 'B', 'C', 'B', 'A', 'B', 'C', 'D', 'E', '', '', '', '', '', '', '', '', '', '', '', '', '', '', '', '', '', '', '', '', '', '', '', '', '', '', '', '', '', '', '', '', '', '', '', '', '', '', '', '', '']
2024-11-12 15:23:53,894 - appServerLogger - DEBUG - Processed student ID: 000987XXXX with answers: ['B', 'B', 'C', 'B', 'A', 'B', 'C', 'D', 'E', '', '', '', '', '', '', '', '', '', '', '', '', '', '', '', '', '', '', '', '', '', '', '', '', '', '', '', '', '', '', '', '', '', '', '', '', '', '', '', '', '']
2024-11-12 15:23:53,894 - appServerLogger - DEBUG - Processed student ID: 0001734XXX with answers: ['D', 'C', 'B', 'B', 'A', 'B', 'D', 'E', 'C', 'C', '', '', '', '', '', '', '', '', '', '', '', '', '', '', '', '', '', '', '', '', '', '', '', '', '', '', '', '', '', '', '', '', '', '', '', '', '', '', '', '']
2024-11-12 15:23:53,894 - appServerLogger - DEBUG - Processed student ID: 0001734XXX with answers: ['D', 'C', 'B', 'B', 'A', 'B', 'D', 'E', 'C', 'C', '', '', '', '', '', '', '', '', '', '', '', '', '', '', '', '', '', '', '', '', '', '', '', '', '', '', '', '', '', '', '', '', '', '', '', '', '', '', '', '']
2024-11-12 15:23:53,894 - appServerLogger - DEBUG - Processed student ID: 56234XXXXX with answers: ['C', 'B', 'D', 'E', 'A', 'B', 'A', 'E', 'B', 'A', '', '', '', '', '', '', '', '', '', '', '', '', '', '', '', '', '', '', '', '', '', '', '', '', '', '', '', '', '', '', '', '', '', '', '', '', '', '', '', '']
2024-11-12 15:23:53,894 - appServerLogger - DEBUG - Processed student ID: 56234XXXXX with answers: ['C', 'B', 'D', 'E', 'A', 'B', 'A', 'E', 'B', 'A', '', '', '', '', '', '', '', '', '', '', '', '', '', '', '', '', '', '', '', '', '', '', '', '', '', '', '', '', '', '', '', '', '', '', '', '', '', '', '', '']
2024-11-12 15:23:53,894 - appServerLogger - DEBUG - Processed student ID: 0001X56XXX with answers: ['A', 'B|D', 'C', 'E', 'C', 'B', 'A', 'A|D', '', 'D', '', '', '', '', '', '', '', '', '', '', '', '', '', '', '', '', '', '', '', '', '', '', '', '', '', '', '', '', '', '', '', '', '', '', '', '', '', '', '', '']
2024-11-12 15:23:53,894 - appServerLogger - DEBUG - Processed student ID: 0001X56XXX with answers: ['A', 'B|D', 'C', 'E', 'C', 'B', 'A', 'A|D', '', 'D', '', '', '', '', '', '', '', '', '', '', '', '', '', '', '', '', '', '', '', '', '', '', '', '', '', '', '', '', '', '', '', '', '', '', '', '', '', '', '', '']
2024-11-12 15:23:53,894 - appServerLogger - INFO - Completed transformation of JSON to CSV
2024-11-12 15:23:53,894 - appServerLogger - INFO - Completed transformation of JSON to CSV
2024-11-12 15:23:53,894 - appServerLogger - INFO - PDF processed successfully for file_id: dc923b9a802ed06f0815c7fd0d673cff
2024-11-12 15:23:53,894 - appServerLogger - INFO - PDF processed successfully for file_id: dc923b9a802ed06f0815c7fd0d673cff
2024-11-12 15:23:53,895 - werkzeug - INFO - 127.0.0.1 - - [12/Nov/2024 15:23:53] "POST /api/upload HTTP/1.1" 200 -
2024-12-01 14:58:52,996 - root - ERROR - Error processing PDF: Failed to open file '/Users/ahmetaliyildiz/Desktop/bubble_scan/ServerCode/application/instance/uploads/test_scantron.pdf'.
2024-12-01 14:58:52,997 - appServerLogger - INFO - PDF processed successfully for file_id: 02d6f6607204df7c3e1678b275065504
2024-12-01 14:58:52,997 - appServerLogger - INFO - PDF processed successfully for file_id: 02d6f6607204df7c3e1678b275065504
2024-12-01 14:58:52,999 - appServerLogger - INFO - Custom sheets are not yet supported
2024-12-01 14:58:52,999 - appServerLogger - INFO - Custom sheets are not yet supported
2024-12-01 14:58:53,000 - appServerLogger - ERROR - No file or sheet type in the request
2024-12-01 14:58:53,000 - appServerLogger - ERROR - No file or sheet type in the request
2024-12-01 15:00:38,965 - root - ERROR - Error processing PDF: Failed to open file '/Users/ahmetaliyildiz/Desktop/bubble_scan/ServerCode/application/instance/uploads/test_scantron.pdf'.
2024-12-01 15:00:38,967 - appServerLogger - INFO - PDF processed successfully for file_id: 825ebf64dfa59cf0693123bf956268ee
2024-12-01 15:00:38,967 - appServerLogger - INFO - PDF processed successfully for file_id: 825ebf64dfa59cf0693123bf956268ee
2024-12-01 15:00:38,973 - appServerLogger - INFO - Custom sheets are not yet supported
2024-12-01 15:00:38,973 - appServerLogger - INFO - Custom sheets are not yet supported
2024-12-01 15:00:38,975 - appServerLogger - ERROR - No file or sheet type in the request
2024-12-01 15:00:38,975 - appServerLogger - ERROR - No file or sheet type in the request
2024-12-01 15:01:40,748 - root - ERROR - Error processing PDF: Failed to open file '/Users/ahmetaliyildiz/Desktop/bubble_scan/ServerCode/application/instance/uploads/test_scantron.pdf'.
2024-12-01 15:01:40,748 - appServerLogger - INFO - PDF processed successfully for file_id: 6a35b93a046ca0ba8df8ab7094ab8004
2024-12-01 15:01:40,748 - appServerLogger - INFO - PDF processed successfully for file_id: 6a35b93a046ca0ba8df8ab7094ab8004
2024-12-01 15:01:40,754 - appServerLogger - INFO - Custom sheets are not yet supported
2024-12-01 15:01:40,754 - appServerLogger - INFO - Custom sheets are not yet supported
2024-12-01 15:01:40,758 - appServerLogger - ERROR - No file or sheet type in the request
2024-12-01 15:01:40,758 - appServerLogger - ERROR - No file or sheet type in the request
2024-12-01 15:02:13,453 - root - ERROR - Error processing PDF: Failed to open file '/Users/ahmetaliyildiz/Desktop/bubble_scan/ServerCode/application/instance/uploads/test_scantron.pdf'.
2024-12-01 15:02:13,454 - appServerLogger - INFO - PDF processed successfully for file_id: 96c75213a1c340ec7db5612ac03360c5
2024-12-01 15:02:13,454 - appServerLogger - INFO - PDF processed successfully for file_id: 96c75213a1c340ec7db5612ac03360c5
2024-12-01 15:02:13,455 - appServerLogger - INFO - Custom sheets are not yet supported
2024-12-01 15:02:13,455 - appServerLogger - INFO - Custom sheets are not yet supported
2024-12-01 15:02:13,456 - appServerLogger - ERROR - No file or sheet type in the request
2024-12-01 15:02:13,456 - appServerLogger - ERROR - No file or sheet type in the request
2024-12-01 15:02:46,245 - root - ERROR - Error processing PDF: Failed to open file '/Users/ahmetaliyildiz/Desktop/bubble_scan/ServerCode/application/instance/uploads/test_scantron.pdf'.
2024-12-01 15:02:46,245 - appServerLogger - INFO - PDF processed successfully for file_id: 65b6b0fbc1add52d0746d1a3dd29265b
2024-12-01 15:02:46,245 - appServerLogger - INFO - PDF processed successfully for file_id: 65b6b0fbc1add52d0746d1a3dd29265b
2024-12-01 15:02:46,249 - appServerLogger - INFO - Custom sheets are not yet supported
2024-12-01 15:02:46,249 - appServerLogger - INFO - Custom sheets are not yet supported
2024-12-01 15:02:46,251 - appServerLogger - ERROR - No file or sheet type in the request
2024-12-01 15:02:46,251 - appServerLogger - ERROR - No file or sheet type in the request
2024-12-01 15:03:05,350 - root - ERROR - Error processing PDF: Failed to open file '/Users/ahmetaliyildiz/Desktop/bubble_scan/ServerCode/application/instance/uploads/test_scantron.pdf'.
2024-12-01 15:03:05,350 - appServerLogger - INFO - PDF processed successfully for file_id: 6705fc23bfef594b7a822d35da4d52a5
2024-12-01 15:03:05,350 - appServerLogger - INFO - PDF processed successfully for file_id: 6705fc23bfef594b7a822d35da4d52a5
2024-12-01 15:03:05,351 - appServerLogger - INFO - Custom sheets are not yet supported
2024-12-01 15:03:05,351 - appServerLogger - INFO - Custom sheets are not yet supported
2024-12-01 15:03:05,352 - appServerLogger - ERROR - No file or sheet type in the request
2024-12-01 15:03:05,352 - appServerLogger - ERROR - No file or sheet type in the request
2024-12-01 15:04:26,567 - root - ERROR - Error processing PDF: Failed to open file '/Users/ahmetaliyildiz/Desktop/bubble_scan/ServerCode/application/instance/uploads/test_scantron.pdf'.
2024-12-01 15:04:26,567 - appServerLogger - INFO - PDF processed successfully for file_id: f7cef6d87c1b2b61f9e4586fea92bc5e
2024-12-01 15:04:26,567 - appServerLogger - INFO - PDF processed successfully for file_id: f7cef6d87c1b2b61f9e4586fea92bc5e
2024-12-01 15:04:26,570 - appServerLogger - INFO - Custom sheets are not yet supported
2024-12-01 15:04:26,570 - appServerLogger - INFO - Custom sheets are not yet supported
2024-12-01 15:04:26,574 - appServerLogger - ERROR - No file or sheet type in the request
2024-12-01 15:04:26,574 - appServerLogger - ERROR - No file or sheet type in the request
2024-12-01 15:05:46,822 - root - ERROR - Error processing PDF: Failed to open file '/Users/ahmetaliyildiz/Desktop/bubble_scan/ServerCode/application/instance/uploads/test_scantron.pdf'.
2024-12-01 15:05:46,823 - appServerLogger - INFO - PDF processed successfully for file_id: c59b72e00b80e9e6c4a918bf295785d3
2024-12-01 15:05:46,823 - appServerLogger - INFO - PDF processed successfully for file_id: c59b72e00b80e9e6c4a918bf295785d3
2024-12-01 15:05:46,824 - appServerLogger - INFO - Custom sheets are not yet supported
2024-12-01 15:05:46,824 - appServerLogger - INFO - Custom sheets are not yet supported
2024-12-01 15:05:46,825 - appServerLogger - ERROR - No file or sheet type in the request
2024-12-01 15:05:46,825 - appServerLogger - ERROR - No file or sheet type in the request
2024-12-01 15:05:46,826 - appServerLogger - WARNING - Only PDF files are allowed
2024-12-01 15:05:46,826 - appServerLogger - WARNING - Only PDF files are allowed
2024-12-01 15:05:46,827 - appServerLogger - ERROR - No file or sheet type in the request
2024-12-01 15:05:46,827 - appServerLogger - ERROR - No file or sheet type in the request
2024-12-01 15:06:03,611 - root - ERROR - Error processing PDF: Failed to open file '/Users/ahmetaliyildiz/Desktop/bubble_scan/ServerCode/application/instance/uploads/test_scantron.pdf'.
2024-12-01 15:06:03,611 - appServerLogger - INFO - PDF processed successfully for file_id: a24d8fae6024b525882c0c06264da4c2
2024-12-01 15:06:03,611 - appServerLogger - INFO - PDF processed successfully for file_id: a24d8fae6024b525882c0c06264da4c2
2024-12-01 15:06:03,615 - appServerLogger - INFO - Custom sheets are not yet supported
2024-12-01 15:06:03,615 - appServerLogger - INFO - Custom sheets are not yet supported
2024-12-01 15:06:03,616 - appServerLogger - ERROR - No file or sheet type in the request
2024-12-01 15:06:03,616 - appServerLogger - ERROR - No file or sheet type in the request
2024-12-01 15:06:03,617 - appServerLogger - WARNING - Only PDF files are allowed
2024-12-01 15:06:03,617 - appServerLogger - WARNING - Only PDF files are allowed
2024-12-01 15:06:03,618 - appServerLogger - ERROR - No file or sheet type in the request
2024-12-01 15:06:03,618 - appServerLogger - ERROR - No file or sheet type in the request
2024-12-01 15:06:03,620 - root - ERROR - Error processing PDF: Cannot open empty file: filename='/Users/ahmetaliyildiz/Desktop/bubble_scan/ServerCode/application/instance/uploads/empty.pdf'.
2024-12-01 15:06:03,620 - appServerLogger - INFO - PDF processed successfully for file_id: e28c8690761badfcb10a2eb394d807df
2024-12-01 15:06:03,620 - appServerLogger - INFO - PDF processed successfully for file_id: e28c8690761badfcb10a2eb394d807df
2024-12-01 15:06:14,554 - root - ERROR - Error processing PDF: Failed to open file '/Users/ahmetaliyildiz/Desktop/bubble_scan/ServerCode/application/instance/uploads/test_scantron.pdf'.
2024-12-01 15:06:14,555 - appServerLogger - INFO - PDF processed successfully for file_id: 748a4f0c4685c3552aa97a8e42c0ce2c
2024-12-01 15:06:14,555 - appServerLogger - INFO - PDF processed successfully for file_id: 748a4f0c4685c3552aa97a8e42c0ce2c
2024-12-01 15:06:14,557 - appServerLogger - INFO - Custom sheets are not yet supported
2024-12-01 15:06:14,557 - appServerLogger - INFO - Custom sheets are not yet supported
2024-12-01 15:06:14,560 - appServerLogger - ERROR - No file or sheet type in the request
2024-12-01 15:06:14,560 - appServerLogger - ERROR - No file or sheet type in the request
2024-12-01 15:06:14,563 - appServerLogger - WARNING - Only PDF files are allowed
2024-12-01 15:06:14,563 - appServerLogger - WARNING - Only PDF files are allowed
2024-12-01 15:06:14,565 - appServerLogger - ERROR - No file or sheet type in the request
2024-12-01 15:06:14,565 - appServerLogger - ERROR - No file or sheet type in the request
2024-12-01 15:06:14,644 - root - ERROR - Error processing PDF: Failed to open file '/Users/ahmetaliyildiz/Desktop/bubble_scan/ServerCode/application/instance/uploads/large_file.pdf'.
2024-12-01 15:06:14,644 - appServerLogger - INFO - PDF processed successfully for file_id: 02f3c911fd147d1c194e56a11f62ec2a
2024-12-01 15:06:14,644 - appServerLogger - INFO - PDF processed successfully for file_id: 02f3c911fd147d1c194e56a11f62ec2a
2024-12-01 15:06:26,928 - root - ERROR - Error processing PDF: Failed to open file '/Users/ahmetaliyildiz/Desktop/bubble_scan/ServerCode/application/instance/uploads/test_scantron.pdf'.
2024-12-01 15:06:26,929 - appServerLogger - INFO - PDF processed successfully for file_id: 12d3dfd20fcd01848017c282a2cfb83e
2024-12-01 15:06:26,929 - appServerLogger - INFO - PDF processed successfully for file_id: 12d3dfd20fcd01848017c282a2cfb83e
2024-12-01 15:06:26,931 - appServerLogger - INFO - Custom sheets are not yet supported
2024-12-01 15:06:26,931 - appServerLogger - INFO - Custom sheets are not yet supported
2024-12-01 15:06:26,932 - appServerLogger - ERROR - No file or sheet type in the request
2024-12-01 15:06:26,932 - appServerLogger - ERROR - No file or sheet type in the request
2024-12-01 15:06:26,933 - appServerLogger - WARNING - Only PDF files are allowed
2024-12-01 15:06:26,933 - appServerLogger - WARNING - Only PDF files are allowed
2024-12-01 15:06:26,934 - appServerLogger - ERROR - No file or sheet type in the request
2024-12-01 15:06:26,934 - appServerLogger - ERROR - No file or sheet type in the request
2024-12-01 15:06:27,012 - root - ERROR - Error processing PDF: Failed to open file '/Users/ahmetaliyildiz/Desktop/bubble_scan/ServerCode/application/instance/uploads/large_file.pdf'.
2024-12-01 15:06:27,013 - appServerLogger - INFO - PDF processed successfully for file_id: 6114271e12587b701e96f05561874ccf
2024-12-01 15:06:27,013 - appServerLogger - INFO - PDF processed successfully for file_id: 6114271e12587b701e96f05561874ccf
2024-12-01 15:06:27,015 - root - ERROR - Error processing PDF: Failed to open file '/Users/ahmetaliyildiz/Desktop/bubble_scan/ServerCode/application/instance/uploads/test_scantron.pdf'.
2024-12-01 15:06:27,015 - appServerLogger - INFO - PDF processed successfully for file_id: 0e09d3e1e59987167e50cd4a8a47dd72
2024-12-01 15:06:27,015 - appServerLogger - INFO - PDF processed successfully for file_id: 0e09d3e1e59987167e50cd4a8a47dd72
2024-12-01 15:06:38,123 - root - ERROR - Error processing PDF: Failed to open file '/Users/ahmetaliyildiz/Desktop/bubble_scan/ServerCode/application/instance/uploads/test_scantron.pdf'.
2024-12-01 15:06:38,124 - appServerLogger - INFO - PDF processed successfully for file_id: fc914cd9d22c7bf94539a455014ae0c7
2024-12-01 15:06:38,124 - appServerLogger - INFO - PDF processed successfully for file_id: fc914cd9d22c7bf94539a455014ae0c7
2024-12-01 15:06:38,130 - appServerLogger - INFO - Custom sheets are not yet supported
2024-12-01 15:06:38,130 - appServerLogger - INFO - Custom sheets are not yet supported
2024-12-01 15:06:38,133 - appServerLogger - ERROR - No file or sheet type in the request
2024-12-01 15:06:38,133 - appServerLogger - ERROR - No file or sheet type in the request
2024-12-01 15:06:38,136 - appServerLogger - WARNING - Only PDF files are allowed
2024-12-01 15:06:38,136 - appServerLogger - WARNING - Only PDF files are allowed
2024-12-01 15:06:38,139 - appServerLogger - ERROR - No file or sheet type in the request
2024-12-01 15:06:38,139 - appServerLogger - ERROR - No file or sheet type in the request
2024-12-01 15:06:38,204 - root - ERROR - Error processing PDF: Failed to open file '/Users/ahmetaliyildiz/Desktop/bubble_scan/ServerCode/application/instance/uploads/large_file.pdf'.
2024-12-01 15:06:38,205 - appServerLogger - INFO - PDF processed successfully for file_id: 54b31e77fec27640dadc1d95aeb30597
2024-12-01 15:06:38,205 - appServerLogger - INFO - PDF processed successfully for file_id: 54b31e77fec27640dadc1d95aeb30597
2024-12-01 15:06:38,207 - root - ERROR - Error processing PDF: Failed to open file '/Users/ahmetaliyildiz/Desktop/bubble_scan/ServerCode/application/instance/uploads/test_duplicate.pdf'.
2024-12-01 15:06:38,207 - appServerLogger - INFO - PDF processed successfully for file_id: 2139ab1a3e5ae59774d87a956761e8b6
2024-12-01 15:06:38,207 - appServerLogger - INFO - PDF processed successfully for file_id: 2139ab1a3e5ae59774d87a956761e8b6
2024-12-01 15:06:50,468 - root - ERROR - Error processing PDF: Failed to open file '/Users/ahmetaliyildiz/Desktop/bubble_scan/ServerCode/application/instance/uploads/test_scantron.pdf'.
2024-12-01 15:06:50,469 - appServerLogger - INFO - PDF processed successfully for file_id: 5826525cdee22b0033e3cc7d72f8b1f8
2024-12-01 15:06:50,469 - appServerLogger - INFO - PDF processed successfully for file_id: 5826525cdee22b0033e3cc7d72f8b1f8
2024-12-01 15:06:50,471 - appServerLogger - INFO - Custom sheets are not yet supported
2024-12-01 15:06:50,471 - appServerLogger - INFO - Custom sheets are not yet supported
2024-12-01 15:06:50,472 - appServerLogger - ERROR - No file or sheet type in the request
2024-12-01 15:06:50,472 - appServerLogger - ERROR - No file or sheet type in the request
2024-12-01 15:06:50,473 - appServerLogger - WARNING - Only PDF files are allowed
2024-12-01 15:06:50,473 - appServerLogger - WARNING - Only PDF files are allowed
2024-12-01 15:06:50,474 - appServerLogger - ERROR - No file or sheet type in the request
2024-12-01 15:06:50,474 - appServerLogger - ERROR - No file or sheet type in the request
2024-12-01 15:06:50,551 - root - ERROR - Error processing PDF: Failed to open file '/Users/ahmetaliyildiz/Desktop/bubble_scan/ServerCode/application/instance/uploads/large_file.pdf'.
2024-12-01 15:06:50,552 - appServerLogger - INFO - PDF processed successfully for file_id: 2b8cab60ffae4a62e75c5624c24f8e57
2024-12-01 15:06:50,552 - appServerLogger - INFO - PDF processed successfully for file_id: 2b8cab60ffae4a62e75c5624c24f8e57
2024-12-01 15:06:50,554 - root - ERROR - Error processing PDF: Cannot open empty file: filename='/Users/ahmetaliyildiz/Desktop/bubble_scan/ServerCode/application/instance/uploads/empty.pdf'.
2024-12-01 15:06:50,554 - appServerLogger - INFO - PDF processed successfully for file_id: 6b56e0ed29dbe8022d34952ae4411cb0
2024-12-01 15:06:50,554 - appServerLogger - INFO - PDF processed successfully for file_id: 6b56e0ed29dbe8022d34952ae4411cb0
2024-12-01 15:08:05,316 - appServerLogger - ERROR - No file or sheet type in the request
2024-12-01 15:08:05,316 - appServerLogger - ERROR - No file or sheet type in the request
2024-12-01 15:08:05,360 - appServerLogger - ERROR - No file or sheet type in the request
2024-12-01 15:08:05,360 - appServerLogger - ERROR - No file or sheet type in the request
2024-12-01 15:08:34,581 - appServerLogger - ERROR - No file or sheet type in the request
2024-12-01 15:08:34,581 - appServerLogger - ERROR - No file or sheet type in the request
2024-12-01 15:08:34,626 - appServerLogger - ERROR - No file or sheet type in the request
2024-12-01 15:08:34,626 - appServerLogger - ERROR - No file or sheet type in the request
2024-12-01 15:10:08,990 - root - ERROR - Error processing PDF: Failed to open file '/Users/ahmetaliyildiz/Desktop/bubble_scan/ServerCode/application/instance/uploads/test_scantron.pdf'.
2024-12-01 15:10:08,990 - appServerLogger - INFO - PDF processed successfully for file_id: fdcfe3702f4af4626576a161df7e4246
2024-12-01 15:10:08,990 - appServerLogger - INFO - PDF processed successfully for file_id: fdcfe3702f4af4626576a161df7e4246
2024-12-01 15:10:08,994 - appServerLogger - INFO - Custom sheets are not yet supported
2024-12-01 15:10:08,994 - appServerLogger - INFO - Custom sheets are not yet supported
2024-12-01 15:10:08,995 - appServerLogger - ERROR - No file or sheet type in the request
2024-12-01 15:10:08,995 - appServerLogger - ERROR - No file or sheet type in the request
2024-12-01 15:10:08,996 - appServerLogger - WARNING - Only PDF files are allowed
2024-12-01 15:10:08,996 - appServerLogger - WARNING - Only PDF files are allowed
2024-12-01 15:10:08,997 - appServerLogger - ERROR - No file or sheet type in the request
2024-12-01 15:10:08,997 - appServerLogger - ERROR - No file or sheet type in the request
2024-12-01 15:10:09,105 - root - ERROR - Error processing PDF: Failed to open file '/Users/ahmetaliyildiz/Desktop/bubble_scan/ServerCode/application/instance/uploads/large_file.pdf'.
2024-12-01 15:10:09,106 - appServerLogger - INFO - PDF processed successfully for file_id: 1cfa5bf2436fe1589a19fc14b1e5cfbe
2024-12-01 15:10:09,106 - appServerLogger - INFO - PDF processed successfully for file_id: 1cfa5bf2436fe1589a19fc14b1e5cfbe
2024-12-01 15:10:09,108 - appServerLogger - WARNING - Uploaded file is empty
2024-12-01 15:10:09,108 - appServerLogger - WARNING - Uploaded file is empty
2024-12-01 15:10:47,217 - root - ERROR - Error processing PDF: Failed to open file '/Users/ahmetaliyildiz/Desktop/bubble_scan/ServerCode/application/instance/uploads/test_scantron.pdf'.
2024-12-01 15:10:47,217 - appServerLogger - INFO - PDF processed successfully for file_id: c8ca216496bebf439c909cfe881f36c8
2024-12-01 15:10:47,217 - appServerLogger - INFO - PDF processed successfully for file_id: c8ca216496bebf439c909cfe881f36c8
2024-12-01 15:10:47,218 - appServerLogger - INFO - Custom sheets are not yet supported
2024-12-01 15:10:47,218 - appServerLogger - INFO - Custom sheets are not yet supported
2024-12-01 15:10:47,219 - appServerLogger - ERROR - No file or sheet type in the request
2024-12-01 15:10:47,219 - appServerLogger - ERROR - No file or sheet type in the request
2024-12-01 15:10:47,220 - appServerLogger - WARNING - Only PDF files are allowed
2024-12-01 15:10:47,220 - appServerLogger - WARNING - Only PDF files are allowed
2024-12-01 15:10:47,221 - appServerLogger - ERROR - No file or sheet type in the request
2024-12-01 15:10:47,221 - appServerLogger - ERROR - No file or sheet type in the request
2024-12-01 15:10:47,320 - root - ERROR - Error processing PDF: Failed to open file '/Users/ahmetaliyildiz/Desktop/bubble_scan/ServerCode/application/instance/uploads/large_file.pdf'.
2024-12-01 15:10:47,320 - appServerLogger - INFO - PDF processed successfully for file_id: 217dca253a8f28dd84199e2be84eaabb
2024-12-01 15:10:47,320 - appServerLogger - INFO - PDF processed successfully for file_id: 217dca253a8f28dd84199e2be84eaabb
2024-12-01 15:10:47,323 - appServerLogger - WARNING - Uploaded file is empty
2024-12-01 15:10:47,323 - appServerLogger - WARNING - Uploaded file is empty
2024-12-01 15:12:47,925 - root - ERROR - Error processing PDF: Failed to open file '/Users/ahmetaliyildiz/Desktop/bubble_scan/ServerCode/application/instance/uploads/test_scantron.pdf'.
2024-12-01 15:12:47,926 - appServerLogger - INFO - PDF processed successfully for file_id: 8352b6e268267333cdfab3ef5c73b6df
2024-12-01 15:12:47,926 - appServerLogger - INFO - PDF processed successfully for file_id: 8352b6e268267333cdfab3ef5c73b6df
2024-12-01 15:12:47,929 - appServerLogger - INFO - Custom sheets are not yet supported
2024-12-01 15:12:47,929 - appServerLogger - INFO - Custom sheets are not yet supported
2024-12-01 15:12:47,931 - appServerLogger - ERROR - No file or sheet type in the request
2024-12-01 15:12:47,931 - appServerLogger - ERROR - No file or sheet type in the request
2024-12-01 15:12:47,932 - appServerLogger - WARNING - Only PDF files are allowed
2024-12-01 15:12:47,932 - appServerLogger - WARNING - Only PDF files are allowed
2024-12-01 15:12:47,933 - appServerLogger - ERROR - No file or sheet type in the request
2024-12-01 15:12:47,933 - appServerLogger - ERROR - No file or sheet type in the request
2024-12-01 15:12:48,005 - root - ERROR - Error processing PDF: Failed to open file '/Users/ahmetaliyildiz/Desktop/bubble_scan/ServerCode/application/instance/uploads/large_file.pdf'.
2024-12-01 15:12:48,005 - appServerLogger - INFO - PDF processed successfully for file_id: f5662b33d408f8d3e4f58660e99f377e
2024-12-01 15:12:48,005 - appServerLogger - INFO - PDF processed successfully for file_id: f5662b33d408f8d3e4f58660e99f377e
2024-12-01 15:12:48,007 - appServerLogger - WARNING - Uploaded file is empty
2024-12-01 15:12:48,007 - appServerLogger - WARNING - Uploaded file is empty
2024-12-01 15:12:48,009 - root - ERROR - Error processing PDF: Failed to open file '/Users/ahmetaliyildiz/Desktop/bubble_scan/ServerCode/application/instance/uploads/test_scantron.pdf'.
2024-12-01 15:12:48,009 - appServerLogger - INFO - PDF processed successfully for file_id: 540dae79d69e9c063dd690809e1eddbe
2024-12-01 15:12:48,009 - appServerLogger - INFO - PDF processed successfully for file_id: 540dae79d69e9c063dd690809e1eddbe
2024-12-01 15:13:57,832 - root - ERROR - Error processing PDF: Failed to open file '/Users/ahmetaliyildiz/Desktop/bubble_scan/ServerCode/application/instance/uploads/test_scantron.pdf'.
2024-12-01 15:13:57,833 - appServerLogger - INFO - PDF processed successfully for file_id: 21a7665db8d7206f456c9bc1c9367b2a
2024-12-01 15:13:57,833 - appServerLogger - INFO - PDF processed successfully for file_id: 21a7665db8d7206f456c9bc1c9367b2a
2024-12-01 15:13:57,834 - appServerLogger - INFO - Custom sheets are not yet supported
2024-12-01 15:13:57,834 - appServerLogger - INFO - Custom sheets are not yet supported
2024-12-01 15:13:57,835 - appServerLogger - ERROR - No file or sheet type in the request
2024-12-01 15:13:57,835 - appServerLogger - ERROR - No file or sheet type in the request
2024-12-01 15:13:57,853 - appServerLogger - WARNING - Only PDF files are allowed
2024-12-01 15:13:57,853 - appServerLogger - WARNING - Only PDF files are allowed
2024-12-01 15:13:57,854 - appServerLogger - ERROR - No file or sheet type in the request
2024-12-01 15:13:57,854 - appServerLogger - ERROR - No file or sheet type in the request
2024-12-01 15:13:57,935 - root - ERROR - Error processing PDF: Failed to open file '/Users/ahmetaliyildiz/Desktop/bubble_scan/ServerCode/application/instance/uploads/large_file.pdf'.
2024-12-01 15:13:57,936 - appServerLogger - INFO - PDF processed successfully for file_id: f86f33c4e385d8f902318103d878cfcd
2024-12-01 15:13:57,936 - appServerLogger - INFO - PDF processed successfully for file_id: f86f33c4e385d8f902318103d878cfcd
2024-12-01 15:13:57,938 - appServerLogger - WARNING - Uploaded file is empty
2024-12-01 15:13:57,938 - appServerLogger - WARNING - Uploaded file is empty
2024-12-01 15:13:57,939 - appServerLogger - ERROR - Invalid sheet type: invalid_type
2024-12-01 15:13:57,939 - appServerLogger - ERROR - Invalid sheet type: invalid_type
2024-12-01 15:16:57,998 - root - ERROR - Error processing PDF: Failed to open file '/Users/ahmetaliyildiz/Desktop/bubble_scan/ServerCode/application/instance/uploads/test_scantron.pdf'.
2024-12-01 15:16:57,999 - appServerLogger - INFO - PDF processed successfully for file_id: e798fc657b12df66eb3024bc1aea2632
2024-12-01 15:16:57,999 - appServerLogger - INFO - PDF processed successfully for file_id: e798fc657b12df66eb3024bc1aea2632
2024-12-01 15:16:58,001 - appServerLogger - INFO - Custom sheets are not yet supported
2024-12-01 15:16:58,001 - appServerLogger - INFO - Custom sheets are not yet supported
2024-12-01 15:16:58,003 - appServerLogger - ERROR - No file or sheet type in the request
2024-12-01 15:16:58,003 - appServerLogger - ERROR - No file or sheet type in the request
2024-12-01 15:16:58,004 - appServerLogger - WARNING - Only PDF files are allowed
2024-12-01 15:16:58,004 - appServerLogger - WARNING - Only PDF files are allowed
2024-12-01 15:16:58,005 - appServerLogger - ERROR - No file or sheet type in the request
2024-12-01 15:16:58,005 - appServerLogger - ERROR - No file or sheet type in the request
2024-12-01 15:16:58,081 - root - ERROR - Error processing PDF: Failed to open file '/Users/ahmetaliyildiz/Desktop/bubble_scan/ServerCode/application/instance/uploads/large_file.pdf'.
2024-12-01 15:16:58,082 - appServerLogger - INFO - PDF processed successfully for file_id: 3fc75df6c8ed3df3c8fffc8fc974f83b
2024-12-01 15:16:58,082 - appServerLogger - INFO - PDF processed successfully for file_id: 3fc75df6c8ed3df3c8fffc8fc974f83b
2024-12-01 15:16:58,085 - appServerLogger - WARNING - Uploaded file is empty
2024-12-01 15:16:58,085 - appServerLogger - WARNING - Uploaded file is empty
2024-12-01 15:16:58,086 - appServerLogger - ERROR - Invalid sheet type: invalid_type
2024-12-01 15:16:58,086 - appServerLogger - ERROR - Invalid sheet type: invalid_type
2024-12-01 15:41:59,506 - root - ERROR - Error processing PDF: Failed to open file '/Users/ahmetaliyildiz/Desktop/bubble_scan/ServerCode/application/instance/uploads/test_scantron.pdf'.
2024-12-01 15:41:59,506 - appServerLogger - INFO - PDF processed successfully for file_id: 53fb9379717ab7073696bc4831a574cd
2024-12-01 15:41:59,506 - appServerLogger - INFO - PDF processed successfully for file_id: 53fb9379717ab7073696bc4831a574cd
2024-12-01 15:41:59,508 - appServerLogger - INFO - Custom sheets are not yet supported
2024-12-01 15:41:59,508 - appServerLogger - INFO - Custom sheets are not yet supported
2024-12-01 15:41:59,508 - appServerLogger - ERROR - No file or sheet type in the request
2024-12-01 15:41:59,508 - appServerLogger - ERROR - No file or sheet type in the request
2024-12-01 15:41:59,509 - appServerLogger - WARNING - Only PDF files are allowed
2024-12-01 15:41:59,509 - appServerLogger - WARNING - Only PDF files are allowed
2024-12-01 15:41:59,510 - appServerLogger - ERROR - No file or sheet type in the request
2024-12-01 15:41:59,510 - appServerLogger - ERROR - No file or sheet type in the request
2024-12-01 15:41:59,584 - root - ERROR - Error processing PDF: Failed to open file '/Users/ahmetaliyildiz/Desktop/bubble_scan/ServerCode/application/instance/uploads/large_file.pdf'.
2024-12-01 15:41:59,585 - appServerLogger - INFO - PDF processed successfully for file_id: b62527ff582b62258af32ba6e2c9e2c0
2024-12-01 15:41:59,585 - appServerLogger - INFO - PDF processed successfully for file_id: b62527ff582b62258af32ba6e2c9e2c0
2024-12-01 15:41:59,587 - appServerLogger - WARNING - Uploaded file is empty
2024-12-01 15:41:59,587 - appServerLogger - WARNING - Uploaded file is empty
2024-12-01 15:41:59,588 - appServerLogger - ERROR - Invalid sheet type: invalid_type
2024-12-01 15:41:59,588 - appServerLogger - ERROR - Invalid sheet type: invalid_type
2024-12-01 18:56:10,353 - root - ERROR - Error processing PDF: Failed to open file '/Users/ahmetaliyildiz/Desktop/bubble_scan/ServerCode/application/instance/uploads/test_scantron.pdf'.
2024-12-01 18:56:10,353 - appServerLogger - INFO - PDF processed successfully for file_id: 4cdb0bb4344312e853adb2536dba406d
2024-12-01 18:56:10,353 - appServerLogger - INFO - PDF processed successfully for file_id: 4cdb0bb4344312e853adb2536dba406d
2024-12-01 18:56:10,354 - appServerLogger - INFO - Custom sheets are not yet supported
2024-12-01 18:56:10,354 - appServerLogger - INFO - Custom sheets are not yet supported
2024-12-01 18:56:10,356 - appServerLogger - ERROR - No file or sheet type in the request
2024-12-01 18:56:10,356 - appServerLogger - ERROR - No file or sheet type in the request
2024-12-01 18:56:10,358 - appServerLogger - WARNING - Only PDF files are allowed
2024-12-01 18:56:10,358 - appServerLogger - WARNING - Only PDF files are allowed
2024-12-01 18:56:10,359 - appServerLogger - ERROR - No file or sheet type in the request
2024-12-01 18:56:10,359 - appServerLogger - ERROR - No file or sheet type in the request
2024-12-01 18:56:10,429 - root - ERROR - Error processing PDF: Failed to open file '/Users/ahmetaliyildiz/Desktop/bubble_scan/ServerCode/application/instance/uploads/large_file.pdf'.
2024-12-01 18:56:10,429 - appServerLogger - INFO - PDF processed successfully for file_id: 2a68824d0183a6c34457d28d9c2fc31f
2024-12-01 18:56:10,429 - appServerLogger - INFO - PDF processed successfully for file_id: 2a68824d0183a6c34457d28d9c2fc31f
2024-12-01 18:56:10,432 - appServerLogger - WARNING - Uploaded file is empty
2024-12-01 18:56:10,432 - appServerLogger - WARNING - Uploaded file is empty
2024-12-01 18:56:10,433 - appServerLogger - ERROR - Invalid sheet type: invalid_type
2024-12-01 18:56:10,433 - appServerLogger - ERROR - Invalid sheet type: invalid_type
2024-12-01 19:04:50,525 - root - ERROR - Error processing PDF: Failed to open file '/Users/ahmetaliyildiz/Desktop/bubble_scan/ServerCode/application/instance/uploads/test_scantron.pdf'.
2024-12-01 19:04:50,525 - appServerLogger - INFO - PDF processed successfully for file_id: e2ea2549686fc6e2acc89fad03039ecd
2024-12-01 19:04:50,525 - appServerLogger - INFO - PDF processed successfully for file_id: e2ea2549686fc6e2acc89fad03039ecd
2024-12-01 19:04:50,527 - appServerLogger - INFO - Custom sheets are not yet supported
2024-12-01 19:04:50,527 - appServerLogger - INFO - Custom sheets are not yet supported
2024-12-01 19:04:50,528 - appServerLogger - ERROR - No file or sheet type in the request
2024-12-01 19:04:50,528 - appServerLogger - ERROR - No file or sheet type in the request
2024-12-01 19:04:50,529 - appServerLogger - WARNING - Only PDF files are allowed
2024-12-01 19:04:50,529 - appServerLogger - WARNING - Only PDF files are allowed
2024-12-01 19:04:50,530 - appServerLogger - ERROR - No file or sheet type in the request
2024-12-01 19:04:50,530 - appServerLogger - ERROR - No file or sheet type in the request
2024-12-01 19:04:50,599 - root - ERROR - Error processing PDF: Failed to open file '/Users/ahmetaliyildiz/Desktop/bubble_scan/ServerCode/application/instance/uploads/large_file.pdf'.
2024-12-01 19:04:50,600 - appServerLogger - INFO - PDF processed successfully for file_id: 9c1f31c0cc62f559dde2779bd8c057d2
2024-12-01 19:04:50,600 - appServerLogger - INFO - PDF processed successfully for file_id: 9c1f31c0cc62f559dde2779bd8c057d2
2024-12-01 19:04:50,602 - appServerLogger - WARNING - Uploaded file is empty
2024-12-01 19:04:50,602 - appServerLogger - WARNING - Uploaded file is empty
2024-12-01 19:04:50,604 - appServerLogger - ERROR - Invalid sheet type: invalid_type
2024-12-01 19:04:50,604 - appServerLogger - ERROR - Invalid sheet type: invalid_type
2024-12-01 19:08:36,179 - root - ERROR - Error processing PDF: Failed to open file '/Users/ahmetaliyildiz/Desktop/bubble_scan/ServerCode/application/instance/uploads/test_scantron.pdf'.
2024-12-01 19:08:36,180 - appServerLogger - INFO - PDF processed successfully for file_id: 5ea8022d4bafa58f83d4cac603c8c43b
2024-12-01 19:08:36,180 - appServerLogger - INFO - PDF processed successfully for file_id: 5ea8022d4bafa58f83d4cac603c8c43b
2024-12-01 19:08:36,181 - appServerLogger - INFO - Custom sheets are not yet supported
2024-12-01 19:08:36,181 - appServerLogger - INFO - Custom sheets are not yet supported
2024-12-01 19:08:36,182 - appServerLogger - ERROR - No file or sheet type in the request
2024-12-01 19:08:36,182 - appServerLogger - ERROR - No file or sheet type in the request
2024-12-01 19:08:36,183 - appServerLogger - WARNING - Only PDF files are allowed
2024-12-01 19:08:36,183 - appServerLogger - WARNING - Only PDF files are allowed
2024-12-01 19:08:36,186 - appServerLogger - ERROR - No file or sheet type in the request
2024-12-01 19:08:36,186 - appServerLogger - ERROR - No file or sheet type in the request
2024-12-01 19:08:36,256 - root - ERROR - Error processing PDF: Failed to open file '/Users/ahmetaliyildiz/Desktop/bubble_scan/ServerCode/application/instance/uploads/large_file.pdf'.
2024-12-01 19:08:36,257 - appServerLogger - INFO - PDF processed successfully for file_id: 7c99fba9f10a6775935ca348b2a40916
2024-12-01 19:08:36,257 - appServerLogger - INFO - PDF processed successfully for file_id: 7c99fba9f10a6775935ca348b2a40916
2024-12-01 19:08:36,259 - appServerLogger - WARNING - Uploaded file is empty
2024-12-01 19:08:36,259 - appServerLogger - WARNING - Uploaded file is empty
2024-12-01 19:08:36,260 - appServerLogger - ERROR - Invalid sheet type: invalid_type
2024-12-01 19:08:36,260 - appServerLogger - ERROR - Invalid sheet type: invalid_type
2024-12-01 19:09:06,464 - root - ERROR - Error processing PDF: Failed to open file '/Users/ahmetaliyildiz/Desktop/bubble_scan/ServerCode/application/instance/uploads/test_scantron.pdf'.
2024-12-01 19:09:06,467 - appServerLogger - INFO - PDF processed successfully for file_id: b14d285af135d131eb4b6d10ccb232e2
2024-12-01 19:09:06,467 - appServerLogger - INFO - PDF processed successfully for file_id: b14d285af135d131eb4b6d10ccb232e2
2024-12-01 19:09:06,473 - appServerLogger - INFO - Custom sheets are not yet supported
2024-12-01 19:09:06,473 - appServerLogger - INFO - Custom sheets are not yet supported
2024-12-01 19:09:06,476 - appServerLogger - ERROR - No file or sheet type in the request
2024-12-01 19:09:06,476 - appServerLogger - ERROR - No file or sheet type in the request
2024-12-01 19:09:06,477 - appServerLogger - WARNING - Only PDF files are allowed
2024-12-01 19:09:06,477 - appServerLogger - WARNING - Only PDF files are allowed
2024-12-01 19:09:06,478 - appServerLogger - ERROR - No file or sheet type in the request
2024-12-01 19:09:06,478 - appServerLogger - ERROR - No file or sheet type in the request
2024-12-01 19:09:06,561 - root - ERROR - Error processing PDF: Failed to open file '/Users/ahmetaliyildiz/Desktop/bubble_scan/ServerCode/application/instance/uploads/large_file.pdf'.
2024-12-01 19:09:06,562 - appServerLogger - INFO - PDF processed successfully for file_id: 17a05fe35e53fa061054a6601a14b124
2024-12-01 19:09:06,562 - appServerLogger - INFO - PDF processed successfully for file_id: 17a05fe35e53fa061054a6601a14b124
2024-12-01 19:09:06,564 - appServerLogger - WARNING - Uploaded file is empty
2024-12-01 19:09:06,564 - appServerLogger - WARNING - Uploaded file is empty
2024-12-01 19:09:06,565 - appServerLogger - ERROR - Invalid sheet type: invalid_type
2024-12-01 19:09:06,565 - appServerLogger - ERROR - Invalid sheet type: invalid_type
2024-12-01 19:09:08,389 - root - ERROR - Error processing PDF: Failed to open file '/Users/ahmetaliyildiz/Desktop/bubble_scan/ServerCode/application/instance/uploads/test_scantron.pdf'.
2024-12-01 19:09:08,389 - appServerLogger - INFO - PDF processed successfully for file_id: 668dc4a44aa2794db54f9b63ad48245e
2024-12-01 19:09:08,389 - appServerLogger - INFO - PDF processed successfully for file_id: 668dc4a44aa2794db54f9b63ad48245e
2024-12-01 19:09:08,393 - appServerLogger - INFO - Custom sheets are not yet supported
2024-12-01 19:09:08,393 - appServerLogger - INFO - Custom sheets are not yet supported
2024-12-01 19:09:08,396 - appServerLogger - ERROR - No file or sheet type in the request
2024-12-01 19:09:08,396 - appServerLogger - ERROR - No file or sheet type in the request
2024-12-01 19:09:08,398 - appServerLogger - WARNING - Only PDF files are allowed
2024-12-01 19:09:08,398 - appServerLogger - WARNING - Only PDF files are allowed
2024-12-01 19:09:08,403 - appServerLogger - ERROR - No file or sheet type in the request
2024-12-01 19:09:08,403 - appServerLogger - ERROR - No file or sheet type in the request
2024-12-01 19:09:08,523 - root - ERROR - Error processing PDF: Failed to open file '/Users/ahmetaliyildiz/Desktop/bubble_scan/ServerCode/application/instance/uploads/large_file.pdf'.
2024-12-01 19:09:08,523 - appServerLogger - INFO - PDF processed successfully for file_id: e0015d60b2f798b7e8704739788193b1
2024-12-01 19:09:08,523 - appServerLogger - INFO - PDF processed successfully for file_id: e0015d60b2f798b7e8704739788193b1
2024-12-01 19:09:08,526 - appServerLogger - WARNING - Uploaded file is empty
2024-12-01 19:09:08,526 - appServerLogger - WARNING - Uploaded file is empty
2024-12-01 19:09:08,527 - appServerLogger - ERROR - Invalid sheet type: invalid_type
2024-12-01 19:09:08,527 - appServerLogger - ERROR - Invalid sheet type: invalid_type
2024-12-01 19:09:10,227 - root - ERROR - Error processing PDF: Failed to open file '/Users/ahmetaliyildiz/Desktop/bubble_scan/ServerCode/application/instance/uploads/test_scantron.pdf'.
2024-12-01 19:09:10,229 - appServerLogger - INFO - PDF processed successfully for file_id: 38b420bfaf1871e0bc6240e7d012595b
2024-12-01 19:09:10,229 - appServerLogger - INFO - PDF processed successfully for file_id: 38b420bfaf1871e0bc6240e7d012595b
2024-12-01 19:09:10,236 - appServerLogger - INFO - Custom sheets are not yet supported
2024-12-01 19:09:10,236 - appServerLogger - INFO - Custom sheets are not yet supported
2024-12-01 19:09:10,239 - appServerLogger - ERROR - No file or sheet type in the request
2024-12-01 19:09:10,239 - appServerLogger - ERROR - No file or sheet type in the request
2024-12-01 19:09:10,240 - appServerLogger - WARNING - Only PDF files are allowed
2024-12-01 19:09:10,240 - appServerLogger - WARNING - Only PDF files are allowed
2024-12-01 19:09:10,241 - appServerLogger - ERROR - No file or sheet type in the request
2024-12-01 19:09:10,241 - appServerLogger - ERROR - No file or sheet type in the request
2024-12-01 19:09:10,383 - root - ERROR - Error processing PDF: Failed to open file '/Users/ahmetaliyildiz/Desktop/bubble_scan/ServerCode/application/instance/uploads/large_file.pdf'.
2024-12-01 19:09:10,384 - appServerLogger - INFO - PDF processed successfully for file_id: 0fc6af3cdbabde9dc58e7610d2f3bc46
2024-12-01 19:09:10,384 - appServerLogger - INFO - PDF processed successfully for file_id: 0fc6af3cdbabde9dc58e7610d2f3bc46
2024-12-01 19:09:10,386 - appServerLogger - WARNING - Uploaded file is empty
2024-12-01 19:09:10,386 - appServerLogger - WARNING - Uploaded file is empty
2024-12-01 19:09:10,387 - appServerLogger - ERROR - Invalid sheet type: invalid_type
2024-12-01 19:09:10,387 - appServerLogger - ERROR - Invalid sheet type: invalid_type
2024-12-01 19:09:12,479 - root - ERROR - Error processing PDF: Failed to open file '/Users/ahmetaliyildiz/Desktop/bubble_scan/ServerCode/application/instance/uploads/test_scantron.pdf'.
2024-12-01 19:09:12,479 - appServerLogger - INFO - PDF processed successfully for file_id: 3bbd01e607fd4c16d96c6abc5787ac49
2024-12-01 19:09:12,479 - appServerLogger - INFO - PDF processed successfully for file_id: 3bbd01e607fd4c16d96c6abc5787ac49
2024-12-01 19:09:12,481 - appServerLogger - INFO - Custom sheets are not yet supported
2024-12-01 19:09:12,481 - appServerLogger - INFO - Custom sheets are not yet supported
2024-12-01 19:09:12,482 - appServerLogger - ERROR - No file or sheet type in the request
2024-12-01 19:09:12,482 - appServerLogger - ERROR - No file or sheet type in the request
2024-12-01 19:09:12,483 - appServerLogger - WARNING - Only PDF files are allowed
2024-12-01 19:09:12,483 - appServerLogger - WARNING - Only PDF files are allowed
2024-12-01 19:09:12,486 - appServerLogger - ERROR - No file or sheet type in the request
2024-12-01 19:09:12,486 - appServerLogger - ERROR - No file or sheet type in the request
2024-12-01 19:09:12,614 - root - ERROR - Error processing PDF: Failed to open file '/Users/ahmetaliyildiz/Desktop/bubble_scan/ServerCode/application/instance/uploads/large_file.pdf'.
2024-12-01 19:09:12,615 - appServerLogger - INFO - PDF processed successfully for file_id: 71520dff8170602a6c3c6a3187367a13
2024-12-01 19:09:12,615 - appServerLogger - INFO - PDF processed successfully for file_id: 71520dff8170602a6c3c6a3187367a13
2024-12-01 19:09:12,618 - appServerLogger - WARNING - Uploaded file is empty
2024-12-01 19:09:12,618 - appServerLogger - WARNING - Uploaded file is empty
2024-12-01 19:09:12,620 - appServerLogger - ERROR - Invalid sheet type: invalid_type
2024-12-01 19:09:12,620 - appServerLogger - ERROR - Invalid sheet type: invalid_type
2024-12-01 19:09:13,868 - root - ERROR - Error processing PDF: Failed to open file '/Users/ahmetaliyildiz/Desktop/bubble_scan/ServerCode/application/instance/uploads/test_scantron.pdf'.
2024-12-01 19:09:13,868 - appServerLogger - INFO - PDF processed successfully for file_id: 298ecb85f9d151db5896373dd63bd2ab
2024-12-01 19:09:13,868 - appServerLogger - INFO - PDF processed successfully for file_id: 298ecb85f9d151db5896373dd63bd2ab
2024-12-01 19:09:13,872 - appServerLogger - INFO - Custom sheets are not yet supported
2024-12-01 19:09:13,872 - appServerLogger - INFO - Custom sheets are not yet supported
2024-12-01 19:09:13,876 - appServerLogger - ERROR - No file or sheet type in the request
2024-12-01 19:09:13,876 - appServerLogger - ERROR - No file or sheet type in the request
2024-12-01 19:09:13,878 - appServerLogger - WARNING - Only PDF files are allowed
2024-12-01 19:09:13,878 - appServerLogger - WARNING - Only PDF files are allowed
2024-12-01 19:09:13,881 - appServerLogger - ERROR - No file or sheet type in the request
2024-12-01 19:09:13,881 - appServerLogger - ERROR - No file or sheet type in the request
2024-12-01 19:09:13,990 - root - ERROR - Error processing PDF: Failed to open file '/Users/ahmetaliyildiz/Desktop/bubble_scan/ServerCode/application/instance/uploads/large_file.pdf'.
2024-12-01 19:09:13,990 - appServerLogger - INFO - PDF processed successfully for file_id: 6a89ca715798fea4024fed52efafe7de
2024-12-01 19:09:13,990 - appServerLogger - INFO - PDF processed successfully for file_id: 6a89ca715798fea4024fed52efafe7de
2024-12-01 19:09:13,992 - appServerLogger - WARNING - Uploaded file is empty
2024-12-01 19:09:13,992 - appServerLogger - WARNING - Uploaded file is empty
2024-12-01 19:09:13,993 - appServerLogger - ERROR - Invalid sheet type: invalid_type
2024-12-01 19:09:13,993 - appServerLogger - ERROR - Invalid sheet type: invalid_type
2024-12-01 19:09:15,026 - root - ERROR - Error processing PDF: Failed to open file '/Users/ahmetaliyildiz/Desktop/bubble_scan/ServerCode/application/instance/uploads/test_scantron.pdf'.
2024-12-01 19:09:15,026 - appServerLogger - INFO - PDF processed successfully for file_id: 23b5bb39497838adc6cde71e7327180f
2024-12-01 19:09:15,026 - appServerLogger - INFO - PDF processed successfully for file_id: 23b5bb39497838adc6cde71e7327180f
2024-12-01 19:09:15,031 - appServerLogger - INFO - Custom sheets are not yet supported
2024-12-01 19:09:15,031 - appServerLogger - INFO - Custom sheets are not yet supported
2024-12-01 19:09:15,033 - appServerLogger - ERROR - No file or sheet type in the request
2024-12-01 19:09:15,033 - appServerLogger - ERROR - No file or sheet type in the request
2024-12-01 19:09:15,035 - appServerLogger - WARNING - Only PDF files are allowed
2024-12-01 19:09:15,035 - appServerLogger - WARNING - Only PDF files are allowed
2024-12-01 19:09:15,036 - appServerLogger - ERROR - No file or sheet type in the request
2024-12-01 19:09:15,036 - appServerLogger - ERROR - No file or sheet type in the request
2024-12-01 19:09:15,166 - root - ERROR - Error processing PDF: Failed to open file '/Users/ahmetaliyildiz/Desktop/bubble_scan/ServerCode/application/instance/uploads/large_file.pdf'.
2024-12-01 19:09:15,167 - appServerLogger - INFO - PDF processed successfully for file_id: 5b8d865617e340adce17d3eefd207283
2024-12-01 19:09:15,167 - appServerLogger - INFO - PDF processed successfully for file_id: 5b8d865617e340adce17d3eefd207283
2024-12-01 19:09:15,170 - appServerLogger - WARNING - Uploaded file is empty
2024-12-01 19:09:15,170 - appServerLogger - WARNING - Uploaded file is empty
2024-12-01 19:09:15,171 - appServerLogger - ERROR - Invalid sheet type: invalid_type
2024-12-01 19:09:15,171 - appServerLogger - ERROR - Invalid sheet type: invalid_type
2024-12-01 19:09:16,114 - root - ERROR - Error processing PDF: Failed to open file '/Users/ahmetaliyildiz/Desktop/bubble_scan/ServerCode/application/instance/uploads/test_scantron.pdf'.
2024-12-01 19:09:16,114 - appServerLogger - INFO - PDF processed successfully for file_id: 4a3def312679a9fbf10b4714542c888e
2024-12-01 19:09:16,114 - appServerLogger - INFO - PDF processed successfully for file_id: 4a3def312679a9fbf10b4714542c888e
2024-12-01 19:09:16,117 - appServerLogger - INFO - Custom sheets are not yet supported
2024-12-01 19:09:16,117 - appServerLogger - INFO - Custom sheets are not yet supported
2024-12-01 19:09:16,118 - appServerLogger - ERROR - No file or sheet type in the request
2024-12-01 19:09:16,118 - appServerLogger - ERROR - No file or sheet type in the request
2024-12-01 19:09:16,120 - appServerLogger - WARNING - Only PDF files are allowed
2024-12-01 19:09:16,120 - appServerLogger - WARNING - Only PDF files are allowed
2024-12-01 19:09:16,121 - appServerLogger - ERROR - No file or sheet type in the request
2024-12-01 19:09:16,121 - appServerLogger - ERROR - No file or sheet type in the request
2024-12-01 19:09:16,222 - root - ERROR - Error processing PDF: Failed to open file '/Users/ahmetaliyildiz/Desktop/bubble_scan/ServerCode/application/instance/uploads/large_file.pdf'.
2024-12-01 19:09:16,222 - appServerLogger - INFO - PDF processed successfully for file_id: 7605fb5ced6b83aaab79be2d20396aee
2024-12-01 19:09:16,222 - appServerLogger - INFO - PDF processed successfully for file_id: 7605fb5ced6b83aaab79be2d20396aee
2024-12-01 19:09:16,224 - appServerLogger - WARNING - Uploaded file is empty
2024-12-01 19:09:16,224 - appServerLogger - WARNING - Uploaded file is empty
2024-12-01 19:09:16,225 - appServerLogger - ERROR - Invalid sheet type: invalid_type
2024-12-01 19:09:16,225 - appServerLogger - ERROR - Invalid sheet type: invalid_type
2024-12-01 19:09:17,178 - root - ERROR - Error processing PDF: Failed to open file '/Users/ahmetaliyildiz/Desktop/bubble_scan/ServerCode/application/instance/uploads/test_scantron.pdf'.
2024-12-01 19:09:17,178 - appServerLogger - INFO - PDF processed successfully for file_id: bb9205b84604cf4aa060223c9532863a
2024-12-01 19:09:17,178 - appServerLogger - INFO - PDF processed successfully for file_id: bb9205b84604cf4aa060223c9532863a
2024-12-01 19:09:17,180 - appServerLogger - INFO - Custom sheets are not yet supported
2024-12-01 19:09:17,180 - appServerLogger - INFO - Custom sheets are not yet supported
2024-12-01 19:09:17,181 - appServerLogger - ERROR - No file or sheet type in the request
2024-12-01 19:09:17,181 - appServerLogger - ERROR - No file or sheet type in the request
2024-12-01 19:09:17,182 - appServerLogger - WARNING - Only PDF files are allowed
2024-12-01 19:09:17,182 - appServerLogger - WARNING - Only PDF files are allowed
2024-12-01 19:09:17,183 - appServerLogger - ERROR - No file or sheet type in the request
2024-12-01 19:09:17,183 - appServerLogger - ERROR - No file or sheet type in the request
2024-12-01 19:09:17,367 - root - ERROR - Error processing PDF: Failed to open file '/Users/ahmetaliyildiz/Desktop/bubble_scan/ServerCode/application/instance/uploads/large_file.pdf'.
2024-12-01 19:09:17,367 - appServerLogger - INFO - PDF processed successfully for file_id: f2723aa0831db9886700bcc6e101001c
2024-12-01 19:09:17,367 - appServerLogger - INFO - PDF processed successfully for file_id: f2723aa0831db9886700bcc6e101001c
2024-12-01 19:09:17,370 - appServerLogger - WARNING - Uploaded file is empty
2024-12-01 19:09:17,370 - appServerLogger - WARNING - Uploaded file is empty
2024-12-01 19:09:17,371 - appServerLogger - ERROR - Invalid sheet type: invalid_type
2024-12-01 19:09:17,371 - appServerLogger - ERROR - Invalid sheet type: invalid_type
2024-12-01 19:09:18,343 - root - ERROR - Error processing PDF: Failed to open file '/Users/ahmetaliyildiz/Desktop/bubble_scan/ServerCode/application/instance/uploads/test_scantron.pdf'.
2024-12-01 19:09:18,343 - appServerLogger - INFO - PDF processed successfully for file_id: 055b2b234d5f48970dd8a6134d3fba57
2024-12-01 19:09:18,343 - appServerLogger - INFO - PDF processed successfully for file_id: 055b2b234d5f48970dd8a6134d3fba57
2024-12-01 19:09:18,345 - appServerLogger - INFO - Custom sheets are not yet supported
2024-12-01 19:09:18,345 - appServerLogger - INFO - Custom sheets are not yet supported
2024-12-01 19:09:18,346 - appServerLogger - ERROR - No file or sheet type in the request
2024-12-01 19:09:18,346 - appServerLogger - ERROR - No file or sheet type in the request
2024-12-01 19:09:18,348 - appServerLogger - WARNING - Only PDF files are allowed
2024-12-01 19:09:18,348 - appServerLogger - WARNING - Only PDF files are allowed
2024-12-01 19:09:18,349 - appServerLogger - ERROR - No file or sheet type in the request
2024-12-01 19:09:18,349 - appServerLogger - ERROR - No file or sheet type in the request
2024-12-01 19:09:18,435 - root - ERROR - Error processing PDF: Failed to open file '/Users/ahmetaliyildiz/Desktop/bubble_scan/ServerCode/application/instance/uploads/large_file.pdf'.
2024-12-01 19:09:18,436 - appServerLogger - INFO - PDF processed successfully for file_id: 916e92d807f90c82d29f588cb2af6164
2024-12-01 19:09:18,436 - appServerLogger - INFO - PDF processed successfully for file_id: 916e92d807f90c82d29f588cb2af6164
2024-12-01 19:09:18,438 - appServerLogger - WARNING - Uploaded file is empty
2024-12-01 19:09:18,438 - appServerLogger - WARNING - Uploaded file is empty
2024-12-01 19:09:18,441 - appServerLogger - ERROR - Invalid sheet type: invalid_type
2024-12-01 19:09:18,441 - appServerLogger - ERROR - Invalid sheet type: invalid_type
2024-12-02 11:26:27,239 - root - ERROR - Error processing PDF: Failed to open file '/Users/ahmetaliyildiz/Desktop/bubble_scan/ServerCode/application/instance/uploads/test_scantron.pdf'.
2024-12-02 11:26:27,241 - appServerLogger - INFO - PDF processed successfully for file_id: 54485097b2eedf3c9d0d79dca000c330
2024-12-02 11:26:27,241 - appServerLogger - INFO - PDF processed successfully for file_id: 54485097b2eedf3c9d0d79dca000c330
2024-12-02 11:26:27,243 - appServerLogger - INFO - Custom sheets are not yet supported
2024-12-02 11:26:27,243 - appServerLogger - INFO - Custom sheets are not yet supported
2024-12-02 11:26:27,244 - appServerLogger - ERROR - No file or sheet type in the request
2024-12-02 11:26:27,244 - appServerLogger - ERROR - No file or sheet type in the request
2024-12-02 11:26:27,245 - appServerLogger - WARNING - Only PDF files are allowed
2024-12-02 11:26:27,245 - appServerLogger - WARNING - Only PDF files are allowed
2024-12-02 11:26:27,246 - appServerLogger - ERROR - No file or sheet type in the request
2024-12-02 11:26:27,246 - appServerLogger - ERROR - No file or sheet type in the request
2024-12-02 11:26:27,412 - root - ERROR - Error processing PDF: Failed to open file '/Users/ahmetaliyildiz/Desktop/bubble_scan/ServerCode/application/instance/uploads/large_file.pdf'.
2024-12-02 11:26:27,412 - appServerLogger - INFO - PDF processed successfully for file_id: 27e5b5508500f4ea1b3e6149db68692a
2024-12-02 11:26:27,412 - appServerLogger - INFO - PDF processed successfully for file_id: 27e5b5508500f4ea1b3e6149db68692a
2024-12-02 11:26:27,415 - appServerLogger - WARNING - Uploaded file is empty
2024-12-02 11:26:27,415 - appServerLogger - WARNING - Uploaded file is empty
2024-12-02 11:26:27,419 - appServerLogger - ERROR - Invalid sheet type: invalid_type
2024-12-02 11:26:27,419 - appServerLogger - ERROR - Invalid sheet type: invalid_type
2024-12-02 13:24:35,898 - root - ERROR - Error processing PDF: AppServer.process_pdf() takes 3 positional arguments but 4 were given
Traceback (most recent call last):
  File "/Users/ahmetaliyildiz/Desktop/bubble_scan/ServerCode/application/AppServer.py", line 184, in file_upload
    response_data = self.process_pdf(file_path, file_id, sheet_type)
                    ^^^^^^^^^^^^^^^^^^^^^^^^^^^^^^^^^^^^^^^^^^^^^^^^
TypeError: AppServer.process_pdf() takes 3 positional arguments but 4 were given
2024-12-02 13:24:35,916 - root - ERROR - Error processing PDF: AppServer.process_pdf() takes 3 positional arguments but 4 were given
Traceback (most recent call last):
  File "/Users/ahmetaliyildiz/Desktop/bubble_scan/ServerCode/application/AppServer.py", line 184, in file_upload
    response_data = self.process_pdf(file_path, file_id, sheet_type)
                    ^^^^^^^^^^^^^^^^^^^^^^^^^^^^^^^^^^^^^^^^^^^^^^^^
TypeError: AppServer.process_pdf() takes 3 positional arguments but 4 were given
2024-12-02 13:24:35,918 - root - ERROR - No file or sheet type in the request
2024-12-02 13:24:35,919 - root - WARNING - Only PDF files are allowed
2024-12-02 13:24:35,920 - root - ERROR - No file or sheet type in the request
2024-12-02 13:24:35,969 - root - ERROR - Error processing PDF: AppServer.process_pdf() takes 3 positional arguments but 4 were given
Traceback (most recent call last):
  File "/Users/ahmetaliyildiz/Desktop/bubble_scan/ServerCode/application/AppServer.py", line 184, in file_upload
    response_data = self.process_pdf(file_path, file_id, sheet_type)
                    ^^^^^^^^^^^^^^^^^^^^^^^^^^^^^^^^^^^^^^^^^^^^^^^^
TypeError: AppServer.process_pdf() takes 3 positional arguments but 4 were given
2024-12-02 13:24:35,974 - root - WARNING - Uploaded file is empty
2024-12-02 13:24:35,975 - root - ERROR - Invalid sheet type: invalid_type
2024-12-02 13:25:47,368 - root - ERROR - Error processing PDF: AppServer.process_pdf() takes 3 positional arguments but 4 were given
2024-12-02 13:25:47,393 - root - ERROR - Error processing PDF: AppServer.process_pdf() takes 3 positional arguments but 4 were given
2024-12-02 13:25:47,395 - root - ERROR - No file or sheet type in the request
2024-12-02 13:25:47,396 - root - ERROR - Only PDF files are allowed
2024-12-02 13:25:47,397 - root - ERROR - No file or sheet type in the request
2024-12-02 13:25:47,461 - root - ERROR - Error processing PDF: AppServer.process_pdf() takes 3 positional arguments but 4 were given
2024-12-02 13:25:47,465 - root - ERROR - Uploaded file is empty
2024-12-02 13:25:47,466 - root - ERROR - Invalid sheet type: invalid_type
2024-12-02 13:27:32,243 - root - ERROR - Error processing PDF: AppServer.process_pdf() takes 3 positional arguments but 4 were given
Traceback (most recent call last):
  File "/Users/ahmetaliyildiz/Desktop/bubble_scan/ServerCode/application/AppServer.py", line 184, in file_upload
    response_data = self.process_pdf(file_path, file_id, sheet_type)
                    ^^^^^^^^^^^^^^^^^^^^^^^^^^^^^^^^^^^^^^^^^^^^^^^^
TypeError: AppServer.process_pdf() takes 3 positional arguments but 4 were given
2024-12-02 13:27:32,268 - root - ERROR - Error processing PDF: AppServer.process_pdf() takes 3 positional arguments but 4 were given
Traceback (most recent call last):
  File "/Users/ahmetaliyildiz/Desktop/bubble_scan/ServerCode/application/AppServer.py", line 184, in file_upload
    response_data = self.process_pdf(file_path, file_id, sheet_type)
                    ^^^^^^^^^^^^^^^^^^^^^^^^^^^^^^^^^^^^^^^^^^^^^^^^
TypeError: AppServer.process_pdf() takes 3 positional arguments but 4 were given
2024-12-02 13:27:32,271 - root - ERROR - No file or sheet type in the request
2024-12-02 13:27:32,272 - root - WARNING - Only PDF files are allowed
2024-12-02 13:27:32,273 - root - ERROR - No file or sheet type in the request
2024-12-02 13:27:32,324 - root - ERROR - Error processing PDF: AppServer.process_pdf() takes 3 positional arguments but 4 were given
Traceback (most recent call last):
  File "/Users/ahmetaliyildiz/Desktop/bubble_scan/ServerCode/application/AppServer.py", line 184, in file_upload
    response_data = self.process_pdf(file_path, file_id, sheet_type)
                    ^^^^^^^^^^^^^^^^^^^^^^^^^^^^^^^^^^^^^^^^^^^^^^^^
TypeError: AppServer.process_pdf() takes 3 positional arguments but 4 were given
2024-12-02 13:27:32,329 - root - WARNING - Uploaded file is empty
2024-12-02 13:27:32,330 - root - ERROR - Invalid sheet type: invalid_type
2024-12-02 14:42:30,159 - root - ERROR - Error processing PDF: AppServer.process_pdf() takes 3 positional arguments but 4 were given
Traceback (most recent call last):
  File "/Users/ahmetaliyildiz/Desktop/bubble_scan/ServerCode/application/AppServer.py", line 184, in file_upload
    response_data = self.process_pdf(file_path, file_id, sheet_type)
                    ^^^^^^^^^^^^^^^^^^^^^^^^^^^^^^^^^^^^^^^^^^^^^^^^
TypeError: AppServer.process_pdf() takes 3 positional arguments but 4 were given
2024-12-02 14:42:30,193 - root - ERROR - Error processing PDF: AppServer.process_pdf() takes 3 positional arguments but 4 were given
Traceback (most recent call last):
  File "/Users/ahmetaliyildiz/Desktop/bubble_scan/ServerCode/application/AppServer.py", line 184, in file_upload
    response_data = self.process_pdf(file_path, file_id, sheet_type)
                    ^^^^^^^^^^^^^^^^^^^^^^^^^^^^^^^^^^^^^^^^^^^^^^^^
TypeError: AppServer.process_pdf() takes 3 positional arguments but 4 were given
2024-12-02 14:42:30,196 - root - ERROR - No file or sheet type in the request
2024-12-02 14:42:30,198 - root - WARNING - Only PDF files are allowed
2024-12-02 14:42:30,201 - root - ERROR - No file or sheet type in the request
2024-12-02 14:42:30,247 - root - ERROR - Error processing PDF: AppServer.process_pdf() takes 3 positional arguments but 4 were given
Traceback (most recent call last):
  File "/Users/ahmetaliyildiz/Desktop/bubble_scan/ServerCode/application/AppServer.py", line 184, in file_upload
    response_data = self.process_pdf(file_path, file_id, sheet_type)
                    ^^^^^^^^^^^^^^^^^^^^^^^^^^^^^^^^^^^^^^^^^^^^^^^^
TypeError: AppServer.process_pdf() takes 3 positional arguments but 4 were given
2024-12-02 14:42:30,252 - root - WARNING - Uploaded file is empty
2024-12-02 14:42:30,253 - root - ERROR - Invalid sheet type: invalid_type
2024-12-02 14:42:36,376 - root - ERROR - Error processing PDF: Failed to open file '/Users/ahmetaliyildiz/Desktop/bubble_scan/ServerCode/application/instance/uploads/test_scantron.pdf'.
2024-12-02 14:42:36,376 - appServerLogger - INFO - PDF processed successfully for file_id: 2fdb9af3f8e6932362ca518eb6e035f8
2024-12-02 14:42:36,376 - appServerLogger - INFO - PDF processed successfully for file_id: 2fdb9af3f8e6932362ca518eb6e035f8
2024-12-02 14:42:36,378 - appServerLogger - INFO - Custom sheets are not yet supported
2024-12-02 14:42:36,378 - appServerLogger - INFO - Custom sheets are not yet supported
2024-12-02 14:42:36,379 - appServerLogger - ERROR - No file or sheet type in the request
2024-12-02 14:42:36,379 - appServerLogger - ERROR - No file or sheet type in the request
2024-12-02 14:42:36,382 - appServerLogger - WARNING - Only PDF files are allowed
2024-12-02 14:42:36,382 - appServerLogger - WARNING - Only PDF files are allowed
2024-12-02 14:42:36,385 - appServerLogger - ERROR - No file or sheet type in the request
2024-12-02 14:42:36,385 - appServerLogger - ERROR - No file or sheet type in the request
2024-12-02 14:42:36,461 - root - ERROR - Error processing PDF: Failed to open file '/Users/ahmetaliyildiz/Desktop/bubble_scan/ServerCode/application/instance/uploads/large_file.pdf'.
2024-12-02 14:42:36,461 - appServerLogger - INFO - PDF processed successfully for file_id: 15b8c8a1579bebe214e147c4a571dea8
2024-12-02 14:42:36,461 - appServerLogger - INFO - PDF processed successfully for file_id: 15b8c8a1579bebe214e147c4a571dea8
2024-12-02 14:42:36,464 - appServerLogger - WARNING - Uploaded file is empty
2024-12-02 14:42:36,464 - appServerLogger - WARNING - Uploaded file is empty
2024-12-02 14:42:36,465 - appServerLogger - ERROR - Invalid sheet type: invalid_type
2024-12-02 14:42:36,465 - appServerLogger - ERROR - Invalid sheet type: invalid_type
2024-12-02 16:44:46,562 - root - ERROR - Error processing PDF: AppServer.process_pdf() takes 3 positional arguments but 4 were given
Traceback (most recent call last):
  File "/Users/ahmetaliyildiz/Desktop/bubble_scan/ServerCode/application/AppServer.py", line 184, in file_upload
    response_data = self.process_pdf(file_path, file_id, sheet_type)
                    ^^^^^^^^^^^^^^^^^^^^^^^^^^^^^^^^^^^^^^^^^^^^^^^^
TypeError: AppServer.process_pdf() takes 3 positional arguments but 4 were given
2024-12-02 16:44:46,585 - root - ERROR - Error processing PDF: AppServer.process_pdf() takes 3 positional arguments but 4 were given
Traceback (most recent call last):
  File "/Users/ahmetaliyildiz/Desktop/bubble_scan/ServerCode/application/AppServer.py", line 184, in file_upload
    response_data = self.process_pdf(file_path, file_id, sheet_type)
                    ^^^^^^^^^^^^^^^^^^^^^^^^^^^^^^^^^^^^^^^^^^^^^^^^
TypeError: AppServer.process_pdf() takes 3 positional arguments but 4 were given
2024-12-02 16:44:46,588 - root - ERROR - No file or sheet type in the request
2024-12-02 16:44:46,589 - root - WARNING - Only PDF files are allowed
2024-12-02 16:44:46,590 - root - ERROR - No file or sheet type in the request
2024-12-02 16:44:46,643 - root - ERROR - Error processing PDF: AppServer.process_pdf() takes 3 positional arguments but 4 were given
Traceback (most recent call last):
  File "/Users/ahmetaliyildiz/Desktop/bubble_scan/ServerCode/application/AppServer.py", line 184, in file_upload
    response_data = self.process_pdf(file_path, file_id, sheet_type)
                    ^^^^^^^^^^^^^^^^^^^^^^^^^^^^^^^^^^^^^^^^^^^^^^^^
TypeError: AppServer.process_pdf() takes 3 positional arguments but 4 were given
2024-12-02 16:44:46,647 - root - WARNING - Uploaded file is empty
2024-12-02 16:44:46,649 - root - ERROR - Invalid sheet type: invalid_type
2024-12-02 16:46:29,846 - root - ERROR - Error processing PDF: Failed to open file '/Users/ahmetaliyildiz/Desktop/bubble_scan/ServerCode/application/instance/uploads/test_scantron.pdf'.
Traceback (most recent call last):
  File "/opt/anaconda3/lib/python3.12/site-packages/fitz/__init__.py", line 2743, in __init__
    doc = mupdf.fz_open_document(filename)
          ^^^^^^^^^^^^^^^^^^^^^^^^^^^^^^^^
  File "/opt/anaconda3/lib/python3.12/site-packages/fitz/mupdf.py", line 44033, in fz_open_document
    return _mupdf.fz_open_document(filename)
           ^^^^^^^^^^^^^^^^^^^^^^^^^^^^^^^^^
fitz.mupdf.FzErrorFormat: code=7: no objects found

The above exception was the direct cause of the following exception:

Traceback (most recent call last):
  File "/Users/ahmetaliyildiz/Desktop/bubble_scan/ServerCode/application/AppServer.py", line 212, in process_pdf
    scantron = Scantron95945(pdf_file)
               ^^^^^^^^^^^^^^^^^^^^^^^
  File "/Users/ahmetaliyildiz/Desktop/bubble_scan/ServerCode/application/Scantron.py", line 31, in __init__
    self.extractImagesFromPdf()
  File "/Users/ahmetaliyildiz/Desktop/bubble_scan/ServerCode/application/Scantron.py", line 46, in extractImagesFromPdf
    pdf_document = fitz.open(self.pdf_path)
                   ^^^^^^^^^^^^^^^^^^^^^^^^
  File "/opt/anaconda3/lib/python3.12/site-packages/fitz/__init__.py", line 2746, in __init__
    raise FileDataError(f'Failed to open file {filename!r}.') from e
fitz.FileDataError: Failed to open file '/Users/ahmetaliyildiz/Desktop/bubble_scan/ServerCode/application/instance/uploads/test_scantron.pdf'.
2024-12-02 16:46:29,867 - appServerLogger - DEBUG - Starting transformation of JSON data to CSV
2024-12-02 16:46:29,867 - appServerLogger - DEBUG - Starting transformation of JSON data to CSV
2024-12-02 16:46:29,867 - appServerLogger - WARNING - Invalid JSON data format: {'message': 'Custom sheet processing logic'}
2024-12-02 16:46:29,867 - appServerLogger - WARNING - Invalid JSON data format: {'message': 'Custom sheet processing logic'}
2024-12-02 16:46:29,885 - root - ERROR - No file or sheet type in the request
2024-12-02 16:46:29,887 - root - WARNING - Only PDF files are allowed
2024-12-02 16:46:29,887 - root - ERROR - No file or sheet type in the request
2024-12-02 16:46:29,956 - root - ERROR - Error processing PDF: Failed to open file '/Users/ahmetaliyildiz/Desktop/bubble_scan/ServerCode/application/instance/uploads/large_file.pdf'.
Traceback (most recent call last):
  File "/opt/anaconda3/lib/python3.12/site-packages/fitz/__init__.py", line 2743, in __init__
    doc = mupdf.fz_open_document(filename)
          ^^^^^^^^^^^^^^^^^^^^^^^^^^^^^^^^
  File "/opt/anaconda3/lib/python3.12/site-packages/fitz/mupdf.py", line 44033, in fz_open_document
    return _mupdf.fz_open_document(filename)
           ^^^^^^^^^^^^^^^^^^^^^^^^^^^^^^^^^
fitz.mupdf.FzErrorFormat: code=7: no objects found

The above exception was the direct cause of the following exception:

Traceback (most recent call last):
  File "/Users/ahmetaliyildiz/Desktop/bubble_scan/ServerCode/application/AppServer.py", line 212, in process_pdf
    scantron = Scantron95945(pdf_file)
               ^^^^^^^^^^^^^^^^^^^^^^^
  File "/Users/ahmetaliyildiz/Desktop/bubble_scan/ServerCode/application/Scantron.py", line 31, in __init__
    self.extractImagesFromPdf()
  File "/Users/ahmetaliyildiz/Desktop/bubble_scan/ServerCode/application/Scantron.py", line 46, in extractImagesFromPdf
    pdf_document = fitz.open(self.pdf_path)
                   ^^^^^^^^^^^^^^^^^^^^^^^^
  File "/opt/anaconda3/lib/python3.12/site-packages/fitz/__init__.py", line 2746, in __init__
    raise FileDataError(f'Failed to open file {filename!r}.') from e
fitz.FileDataError: Failed to open file '/Users/ahmetaliyildiz/Desktop/bubble_scan/ServerCode/application/instance/uploads/large_file.pdf'.
2024-12-02 16:46:29,959 - root - WARNING - Uploaded file is empty
2024-12-02 16:46:29,960 - root - ERROR - Invalid sheet type: invalid_type
2024-12-02 16:47:34,521 - root - ERROR - Error processing PDF: Failed to open file '/Users/ahmetaliyildiz/Desktop/bubble_scan/ServerCode/application/instance/uploads/test_scantron.pdf'.
Traceback (most recent call last):
  File "/opt/anaconda3/lib/python3.12/site-packages/fitz/__init__.py", line 2743, in __init__
    doc = mupdf.fz_open_document(filename)
          ^^^^^^^^^^^^^^^^^^^^^^^^^^^^^^^^
  File "/opt/anaconda3/lib/python3.12/site-packages/fitz/mupdf.py", line 44033, in fz_open_document
    return _mupdf.fz_open_document(filename)
           ^^^^^^^^^^^^^^^^^^^^^^^^^^^^^^^^^
fitz.mupdf.FzErrorFormat: code=7: no objects found

The above exception was the direct cause of the following exception:

Traceback (most recent call last):
  File "/Users/ahmetaliyildiz/Desktop/bubble_scan/ServerCode/application/AppServer.py", line 222, in process_pdf
    scantron = Scantron95945(pdf_file)
               ^^^^^^^^^^^^^^^^^^^^^^^
  File "/Users/ahmetaliyildiz/Desktop/bubble_scan/ServerCode/application/Scantron.py", line 31, in __init__
    self.extractImagesFromPdf()
  File "/Users/ahmetaliyildiz/Desktop/bubble_scan/ServerCode/application/Scantron.py", line 46, in extractImagesFromPdf
    pdf_document = fitz.open(self.pdf_path)
                   ^^^^^^^^^^^^^^^^^^^^^^^^
  File "/opt/anaconda3/lib/python3.12/site-packages/fitz/__init__.py", line 2746, in __init__
    raise FileDataError(f'Failed to open file {filename!r}.') from e
fitz.FileDataError: Failed to open file '/Users/ahmetaliyildiz/Desktop/bubble_scan/ServerCode/application/instance/uploads/test_scantron.pdf'.
2024-12-02 16:47:34,533 - appServerLogger - INFO - PDF processed successfully for file_id: a1e75fc7fc2fbe66835070ccdfc53330
2024-12-02 16:47:34,533 - appServerLogger - INFO - PDF processed successfully for file_id: a1e75fc7fc2fbe66835070ccdfc53330
2024-12-02 16:47:34,535 - appServerLogger - INFO - Custom sheets are not yet supported
2024-12-02 16:47:34,535 - appServerLogger - INFO - Custom sheets are not yet supported
2024-12-02 16:47:34,537 - appServerLogger - ERROR - No file or sheet type in the request
2024-12-02 16:47:34,537 - appServerLogger - ERROR - No file or sheet type in the request
2024-12-02 16:47:34,542 - appServerLogger - WARNING - Only PDF files are allowed
2024-12-02 16:47:34,542 - appServerLogger - WARNING - Only PDF files are allowed
2024-12-02 16:47:34,545 - appServerLogger - ERROR - No file or sheet type in the request
2024-12-02 16:47:34,545 - appServerLogger - ERROR - No file or sheet type in the request
2024-12-02 16:47:34,631 - root - ERROR - Error processing PDF: Failed to open file '/Users/ahmetaliyildiz/Desktop/bubble_scan/ServerCode/application/instance/uploads/large_file.pdf'.
Traceback (most recent call last):
  File "/opt/anaconda3/lib/python3.12/site-packages/fitz/__init__.py", line 2743, in __init__
    doc = mupdf.fz_open_document(filename)
          ^^^^^^^^^^^^^^^^^^^^^^^^^^^^^^^^
  File "/opt/anaconda3/lib/python3.12/site-packages/fitz/mupdf.py", line 44033, in fz_open_document
    return _mupdf.fz_open_document(filename)
           ^^^^^^^^^^^^^^^^^^^^^^^^^^^^^^^^^
fitz.mupdf.FzErrorFormat: code=7: no objects found

The above exception was the direct cause of the following exception:

Traceback (most recent call last):
  File "/Users/ahmetaliyildiz/Desktop/bubble_scan/ServerCode/application/AppServer.py", line 222, in process_pdf
    scantron = Scantron95945(pdf_file)
               ^^^^^^^^^^^^^^^^^^^^^^^
  File "/Users/ahmetaliyildiz/Desktop/bubble_scan/ServerCode/application/Scantron.py", line 31, in __init__
    self.extractImagesFromPdf()
  File "/Users/ahmetaliyildiz/Desktop/bubble_scan/ServerCode/application/Scantron.py", line 46, in extractImagesFromPdf
    pdf_document = fitz.open(self.pdf_path)
                   ^^^^^^^^^^^^^^^^^^^^^^^^
  File "/opt/anaconda3/lib/python3.12/site-packages/fitz/__init__.py", line 2746, in __init__
    raise FileDataError(f'Failed to open file {filename!r}.') from e
fitz.FileDataError: Failed to open file '/Users/ahmetaliyildiz/Desktop/bubble_scan/ServerCode/application/instance/uploads/large_file.pdf'.
2024-12-02 16:47:34,632 - appServerLogger - INFO - PDF processed successfully for file_id: 932288b1d8096ea11cf011d6b1955397
2024-12-02 16:47:34,632 - appServerLogger - INFO - PDF processed successfully for file_id: 932288b1d8096ea11cf011d6b1955397
2024-12-02 16:47:34,635 - appServerLogger - WARNING - Uploaded file is empty
2024-12-02 16:47:34,635 - appServerLogger - WARNING - Uploaded file is empty
2024-12-02 16:47:34,636 - appServerLogger - ERROR - Invalid sheet type: invalid_type
2024-12-02 16:47:34,636 - appServerLogger - ERROR - Invalid sheet type: invalid_type
2024-12-02 16:47:43,237 - root - ERROR - Error processing PDF: Failed to open file '/Users/ahmetaliyildiz/Desktop/bubble_scan/ServerCode/application/instance/uploads/test_scantron.pdf'.
Traceback (most recent call last):
  File "/opt/anaconda3/lib/python3.12/site-packages/fitz/__init__.py", line 2743, in __init__
    doc = mupdf.fz_open_document(filename)
          ^^^^^^^^^^^^^^^^^^^^^^^^^^^^^^^^
  File "/opt/anaconda3/lib/python3.12/site-packages/fitz/mupdf.py", line 44033, in fz_open_document
    return _mupdf.fz_open_document(filename)
           ^^^^^^^^^^^^^^^^^^^^^^^^^^^^^^^^^
fitz.mupdf.FzErrorFormat: code=7: no objects found

The above exception was the direct cause of the following exception:

Traceback (most recent call last):
  File "/Users/ahmetaliyildiz/Desktop/bubble_scan/ServerCode/application/AppServer.py", line 222, in process_pdf
    scantron = Scantron95945(pdf_file)
               ^^^^^^^^^^^^^^^^^^^^^^^
  File "/Users/ahmetaliyildiz/Desktop/bubble_scan/ServerCode/application/Scantron.py", line 31, in __init__
    self.extractImagesFromPdf()
  File "/Users/ahmetaliyildiz/Desktop/bubble_scan/ServerCode/application/Scantron.py", line 46, in extractImagesFromPdf
    pdf_document = fitz.open(self.pdf_path)
                   ^^^^^^^^^^^^^^^^^^^^^^^^
  File "/opt/anaconda3/lib/python3.12/site-packages/fitz/__init__.py", line 2746, in __init__
    raise FileDataError(f'Failed to open file {filename!r}.') from e
fitz.FileDataError: Failed to open file '/Users/ahmetaliyildiz/Desktop/bubble_scan/ServerCode/application/instance/uploads/test_scantron.pdf'.
2024-12-02 16:47:43,247 - appServerLogger - INFO - PDF processed successfully for file_id: 87d3bb1e5a4f0d8b65c59fb9bfb3663c
2024-12-02 16:47:43,247 - appServerLogger - INFO - PDF processed successfully for file_id: 87d3bb1e5a4f0d8b65c59fb9bfb3663c
2024-12-02 16:47:43,252 - appServerLogger - INFO - Custom sheets are not yet supported
2024-12-02 16:47:43,252 - appServerLogger - INFO - Custom sheets are not yet supported
2024-12-02 16:47:43,254 - appServerLogger - ERROR - No file or sheet type in the request
2024-12-02 16:47:43,254 - appServerLogger - ERROR - No file or sheet type in the request
2024-12-02 16:47:43,258 - appServerLogger - WARNING - Only PDF files are allowed
2024-12-02 16:47:43,258 - appServerLogger - WARNING - Only PDF files are allowed
2024-12-02 16:47:43,263 - appServerLogger - ERROR - No file or sheet type in the request
2024-12-02 16:47:43,263 - appServerLogger - ERROR - No file or sheet type in the request
2024-12-02 16:47:43,368 - root - ERROR - Error processing PDF: Failed to open file '/Users/ahmetaliyildiz/Desktop/bubble_scan/ServerCode/application/instance/uploads/large_file.pdf'.
Traceback (most recent call last):
  File "/opt/anaconda3/lib/python3.12/site-packages/fitz/__init__.py", line 2743, in __init__
    doc = mupdf.fz_open_document(filename)
          ^^^^^^^^^^^^^^^^^^^^^^^^^^^^^^^^
  File "/opt/anaconda3/lib/python3.12/site-packages/fitz/mupdf.py", line 44033, in fz_open_document
    return _mupdf.fz_open_document(filename)
           ^^^^^^^^^^^^^^^^^^^^^^^^^^^^^^^^^
fitz.mupdf.FzErrorFormat: code=7: no objects found

The above exception was the direct cause of the following exception:

Traceback (most recent call last):
  File "/Users/ahmetaliyildiz/Desktop/bubble_scan/ServerCode/application/AppServer.py", line 222, in process_pdf
    scantron = Scantron95945(pdf_file)
               ^^^^^^^^^^^^^^^^^^^^^^^
  File "/Users/ahmetaliyildiz/Desktop/bubble_scan/ServerCode/application/Scantron.py", line 31, in __init__
    self.extractImagesFromPdf()
  File "/Users/ahmetaliyildiz/Desktop/bubble_scan/ServerCode/application/Scantron.py", line 46, in extractImagesFromPdf
    pdf_document = fitz.open(self.pdf_path)
                   ^^^^^^^^^^^^^^^^^^^^^^^^
  File "/opt/anaconda3/lib/python3.12/site-packages/fitz/__init__.py", line 2746, in __init__
    raise FileDataError(f'Failed to open file {filename!r}.') from e
fitz.FileDataError: Failed to open file '/Users/ahmetaliyildiz/Desktop/bubble_scan/ServerCode/application/instance/uploads/large_file.pdf'.
2024-12-02 16:47:43,369 - appServerLogger - INFO - PDF processed successfully for file_id: 098d8caf4cacdc09e97036170b2dbdb4
2024-12-02 16:47:43,369 - appServerLogger - INFO - PDF processed successfully for file_id: 098d8caf4cacdc09e97036170b2dbdb4
2024-12-02 16:47:43,371 - appServerLogger - WARNING - Uploaded file is empty
2024-12-02 16:47:43,371 - appServerLogger - WARNING - Uploaded file is empty
2024-12-02 16:47:43,373 - appServerLogger - ERROR - Invalid sheet type: invalid_type
2024-12-02 16:47:43,373 - appServerLogger - ERROR - Invalid sheet type: invalid_type
